TimeQuest Timing Analyzer report for lab041
Wed Dec 14 23:42:39 2022
Quartus II 64-Bit Version 13.1.0 Build 162 10/23/2013 SJ Web Edition


---------------------
; Table of Contents ;
---------------------
  1. Legal Notice
  2. TimeQuest Timing Analyzer Summary
  3. Parallel Compilation
  4. Clocks
  5. Slow 1200mV 85C Model Fmax Summary
  6. Timing Closure Recommendations
  7. Slow 1200mV 85C Model Setup Summary
  8. Slow 1200mV 85C Model Hold Summary
  9. Slow 1200mV 85C Model Recovery Summary
 10. Slow 1200mV 85C Model Removal Summary
 11. Slow 1200mV 85C Model Minimum Pulse Width Summary
 12. Propagation Delay
 13. Minimum Propagation Delay
 14. Slow 1200mV 85C Model Metastability Report
 15. Slow 1200mV 0C Model Fmax Summary
 16. Slow 1200mV 0C Model Setup Summary
 17. Slow 1200mV 0C Model Hold Summary
 18. Slow 1200mV 0C Model Recovery Summary
 19. Slow 1200mV 0C Model Removal Summary
 20. Slow 1200mV 0C Model Minimum Pulse Width Summary
 21. Propagation Delay
 22. Minimum Propagation Delay
 23. Slow 1200mV 0C Model Metastability Report
 24. Fast 1200mV 0C Model Setup Summary
 25. Fast 1200mV 0C Model Hold Summary
 26. Fast 1200mV 0C Model Recovery Summary
 27. Fast 1200mV 0C Model Removal Summary
 28. Fast 1200mV 0C Model Minimum Pulse Width Summary
 29. Propagation Delay
 30. Minimum Propagation Delay
 31. Fast 1200mV 0C Model Metastability Report
 32. Multicorner Timing Analysis Summary
 33. Propagation Delay
 34. Minimum Propagation Delay
 35. Board Trace Model Assignments
 36. Input Transition Times
 37. Slow Corner Signal Integrity Metrics
 38. Fast Corner Signal Integrity Metrics
 39. Clock Transfers
 40. Report TCCS
 41. Report RSKM
 42. Unconstrained Paths
 43. TimeQuest Timing Analyzer Messages



----------------
; Legal Notice ;
----------------
Copyright (C) 1991-2013 Altera Corporation
Your use of Altera Corporation's design tools, logic functions 
and other software and tools, and its AMPP partner logic 
functions, and any output files from any of the foregoing 
(including device programming or simulation files), and any 
associated documentation or information are expressly subject 
to the terms and conditions of the Altera Program License 
Subscription Agreement, Altera MegaCore Function License 
Agreement, or other applicable license agreement, including, 
without limitation, that your use is for the sole purpose of 
programming logic devices manufactured by Altera and sold by 
Altera or its authorized distributors.  Please refer to the 
applicable agreement for further details.



+-------------------------------------------------------------------------+
; TimeQuest Timing Analyzer Summary                                       ;
+--------------------+----------------------------------------------------+
; Quartus II Version ; Version 13.1.0 Build 162 10/23/2013 SJ Web Edition ;
; Revision Name      ; lab041                                             ;
; Device Family      ; Cyclone III                                        ;
; Device Name        ; EP3C16U484C6                                       ;
; Timing Models      ; Final                                              ;
; Delay Model        ; Combined                                           ;
; Rise/Fall Delays   ; Enabled                                            ;
+--------------------+----------------------------------------------------+


+------------------------------------------+
; Parallel Compilation                     ;
+----------------------------+-------------+
; Processors                 ; Number      ;
+----------------------------+-------------+
; Number detected on machine ; 6           ;
; Maximum allowed            ; 6           ;
;                            ;             ;
; Average used               ; 1.00        ;
; Maximum used               ; 6           ;
;                            ;             ;
; Usage by Processor         ; % Time Used ;
;     Processor 1            ; 100.0%      ;
;     Processors 2-6         ; < 0.1%      ;
+----------------------------+-------------+


----------
; Clocks ;
----------
No clocks to report.


--------------------------------------
; Slow 1200mV 85C Model Fmax Summary ;
--------------------------------------
No paths to report.


----------------------------------
; Timing Closure Recommendations ;
----------------------------------
HTML report is unavailable in plain text report export.


---------------------------------------
; Slow 1200mV 85C Model Setup Summary ;
---------------------------------------
No paths to report.


--------------------------------------
; Slow 1200mV 85C Model Hold Summary ;
--------------------------------------
No paths to report.


------------------------------------------
; Slow 1200mV 85C Model Recovery Summary ;
------------------------------------------
No paths to report.


-----------------------------------------
; Slow 1200mV 85C Model Removal Summary ;
-----------------------------------------
No paths to report.


-----------------------------------------------------
; Slow 1200mV 85C Model Minimum Pulse Width Summary ;
-----------------------------------------------------
No paths to report.


+----------------------------------------------------------+
; Propagation Delay                                        ;
+------------+-------------+-------+-------+-------+-------+
; Input Port ; Output Port ; RR    ; RF    ; FR    ; FF    ;
+------------+-------------+-------+-------+-------+-------+
; a0         ; d0          ;       ; 6.605 ; 7.039 ;       ;
; a0         ; d1          ; 7.253 ;       ;       ; 7.704 ;
; a0         ; d2          ;       ; 6.770 ; 7.179 ;       ;
; a0         ; d3          ; 7.526 ;       ;       ; 7.984 ;
; a0         ; d4          ;       ; 7.339 ; 7.761 ;       ;
; a0         ; d5          ; 7.754 ;       ;       ; 8.222 ;
; a0         ; d6          ;       ; 7.614 ; 8.008 ;       ;
; a0         ; d7          ; 8.385 ;       ;       ; 8.980 ;
; a0         ; d8          ;       ; 7.080 ; 7.500 ;       ;
; a0         ; d9          ; 7.526 ;       ;       ; 7.998 ;
; a0         ; d10         ;       ; 9.004 ; 9.505 ;       ;
; a0         ; d11         ; 7.394 ;       ;       ; 7.879 ;
; a0         ; d12         ;       ; 7.441 ; 7.828 ;       ;
; a0         ; d13         ; 7.101 ;       ;       ; 7.563 ;
; a0         ; d14         ;       ; 7.536 ; 7.958 ;       ;
; a0         ; d15         ; 7.401 ;       ;       ; 7.891 ;
; a1         ; d0          ;       ; 6.224 ; 6.680 ;       ;
; a1         ; d1          ;       ; 7.019 ; 7.472 ;       ;
; a1         ; d2          ; 6.345 ;       ;       ; 6.795 ;
; a1         ; d3          ; 7.296 ;       ;       ; 7.716 ;
; a1         ; d4          ;       ; 6.961 ; 7.398 ;       ;
; a1         ; d5          ;       ; 7.570 ; 8.000 ;       ;
; a1         ; d6          ; 7.183 ;       ;       ; 7.674 ;
; a1         ; d7          ; 8.141 ;       ;       ; 8.741 ;
; a1         ; d8          ;       ; 6.848 ; 7.297 ;       ;
; a1         ; d9          ;       ; 7.373 ; 7.798 ;       ;
; a1         ; d10         ; 8.881 ;       ;       ; 9.221 ;
; a1         ; d11         ; 7.226 ;       ;       ; 7.683 ;
; a1         ; d12         ;       ; 7.253 ; 7.666 ;       ;
; a1         ; d13         ;       ; 6.950 ; 7.379 ;       ;
; a1         ; d14         ; 7.321 ;       ;       ; 7.779 ;
; a1         ; d15         ; 7.209 ;       ;       ; 7.709 ;
; a2         ; d0          ;       ; 6.331 ; 6.744 ;       ;
; a2         ; d1          ;       ; 6.965 ; 7.397 ;       ;
; a2         ; d2          ;       ; 6.492 ; 6.886 ;       ;
; a2         ; d3          ;       ; 7.273 ; 7.714 ;       ;
; a2         ; d4          ; 7.081 ;       ;       ; 7.480 ;
; a2         ; d5          ; 7.449 ;       ;       ; 7.871 ;
; a2         ; d6          ; 7.130 ;       ;       ; 7.611 ;
; a2         ; d7          ; 8.091 ;       ;       ; 8.681 ;
; a2         ; d8          ;       ; 6.809 ; 7.242 ;       ;
; a2         ; d9          ;       ; 7.313 ; 7.720 ;       ;
; a2         ; d10         ;       ; 8.735 ; 9.270 ;       ;
; a2         ; d11         ;       ; 7.215 ; 7.616 ;       ;
; a2         ; d12         ; 7.131 ;       ;       ; 7.566 ;
; a2         ; d13         ; 6.871 ;       ;       ; 7.293 ;
; a2         ; d14         ; 7.237 ;       ;       ; 7.682 ;
; a2         ; d15         ; 7.157 ;       ;       ; 7.643 ;
; a3         ; d0          ;       ; 7.105 ; 7.585 ;       ;
; a3         ; d1          ;       ; 7.396 ; 7.888 ;       ;
; a3         ; d2          ;       ; 7.270 ; 7.725 ;       ;
; a3         ; d3          ;       ; 7.676 ; 8.161 ;       ;
; a3         ; d4          ;       ; 7.839 ; 8.307 ;       ;
; a3         ; d5          ;       ; 7.914 ; 8.389 ;       ;
; a3         ; d6          ;       ; 8.114 ; 8.554 ;       ;
; a3         ; d7          ;       ; 8.672 ; 9.020 ;       ;
; a3         ; d8          ; 7.241 ;       ;       ; 7.722 ;
; a3         ; d9          ; 7.725 ;       ;       ; 8.230 ;
; a3         ; d10         ; 9.246 ;       ;       ; 9.646 ;
; a3         ; d11         ; 7.593 ;       ;       ; 8.111 ;
; a3         ; d12         ; 7.569 ;       ;       ; 8.083 ;
; a3         ; d13         ; 7.300 ;       ;       ; 7.795 ;
; a3         ; d14         ; 7.699 ;       ;       ; 8.178 ;
; a3         ; d15         ; 7.600 ;       ;       ; 8.123 ;
; on         ; d0          ; 6.649 ;       ;       ; 7.035 ;
; on         ; d1          ; 6.863 ;       ;       ; 7.284 ;
; on         ; d2          ; 6.771 ;       ;       ; 7.218 ;
; on         ; d3          ; 7.142 ;       ;       ; 7.561 ;
; on         ; d4          ; 7.370 ;       ;       ; 7.760 ;
; on         ; d5          ; 7.378 ;       ;       ; 7.803 ;
; on         ; d6          ; 7.038 ;       ;       ; 7.491 ;
; on         ; d7          ; 7.999 ;       ;       ; 8.558 ;
; on         ; d8          ; 6.705 ;       ;       ; 7.121 ;
; on         ; d9          ; 7.197 ;       ;       ; 7.639 ;
; on         ; d10         ; 8.722 ;       ;       ; 9.056 ;
; on         ; d11         ; 7.067 ;       ;       ; 7.523 ;
; on         ; d12         ; 7.042 ;       ;       ; 7.490 ;
; on         ; d13         ; 6.765 ;       ;       ; 7.196 ;
; on         ; d14         ; 7.179 ;       ;       ; 7.590 ;
; on         ; d15         ; 7.061 ;       ;       ; 7.527 ;
+------------+-------------+-------+-------+-------+-------+


+----------------------------------------------------------+
; Minimum Propagation Delay                                ;
+------------+-------------+-------+-------+-------+-------+
; Input Port ; Output Port ; RR    ; RF    ; FR    ; FF    ;
+------------+-------------+-------+-------+-------+-------+
; a0         ; d0          ;       ; 6.422 ; 6.833 ;       ;
; a0         ; d1          ; 7.052 ;       ;       ; 7.463 ;
; a0         ; d2          ;       ; 6.579 ; 6.966 ;       ;
; a0         ; d3          ; 7.314 ;       ;       ; 7.731 ;
; a0         ; d4          ;       ; 7.118 ; 7.520 ;       ;
; a0         ; d5          ; 7.534 ;       ;       ; 7.961 ;
; a0         ; d6          ;       ; 7.390 ; 7.763 ;       ;
; a0         ; d7          ; 8.187 ;       ;       ; 8.739 ;
; a0         ; d8          ;       ; 6.880 ; 7.281 ;       ;
; a0         ; d9          ; 7.324 ;       ;       ; 7.766 ;
; a0         ; d10         ;       ; 8.728 ; 9.205 ;       ;
; a0         ; d11         ; 7.198 ;       ;       ; 7.651 ;
; a0         ; d12         ;       ; 7.232 ; 7.600 ;       ;
; a0         ; d13         ; 6.917 ;       ;       ; 7.348 ;
; a0         ; d14         ;       ; 7.322 ; 7.723 ;       ;
; a0         ; d15         ; 7.204 ;       ;       ; 7.661 ;
; a1         ; d0          ;       ; 6.086 ; 6.531 ;       ;
; a1         ; d1          ;       ; 6.851 ; 7.291 ;       ;
; a1         ; d2          ; 6.203 ;       ;       ; 6.639 ;
; a1         ; d3          ; 7.116 ;       ;       ; 7.524 ;
; a1         ; d4          ;       ; 6.787 ; 7.214 ;       ;
; a1         ; d5          ;       ; 7.379 ; 7.798 ;       ;
; a1         ; d6          ; 7.009 ;       ;       ; 7.484 ;
; a1         ; d7          ; 7.976 ;       ;       ; 8.559 ;
; a1         ; d8          ;       ; 6.682 ; 7.121 ;       ;
; a1         ; d9          ;       ; 7.192 ; 7.604 ;       ;
; a1         ; d10         ; 8.634 ;       ;       ; 8.966 ;
; a1         ; d11         ; 7.049 ;       ;       ; 7.493 ;
; a1         ; d12         ;       ; 7.076 ; 7.478 ;       ;
; a1         ; d13         ;       ; 6.785 ; 7.201 ;       ;
; a1         ; d14         ; 7.141 ;       ;       ; 7.584 ;
; a1         ; d15         ; 7.033 ;       ;       ; 7.516 ;
; a2         ; d0          ;       ; 6.190 ; 6.592 ;       ;
; a2         ; d1          ;       ; 6.798 ; 7.220 ;       ;
; a2         ; d2          ;       ; 6.344 ; 6.727 ;       ;
; a2         ; d3          ;       ; 7.094 ; 7.523 ;       ;
; a2         ; d4          ; 6.904 ;       ;       ; 7.290 ;
; a2         ; d5          ; 7.264 ;       ;       ; 7.674 ;
; a2         ; d6          ; 6.959 ;       ;       ; 7.423 ;
; a2         ; d7          ; 7.929 ;       ;       ; 8.502 ;
; a2         ; d8          ;       ; 6.644 ; 7.068 ;       ;
; a2         ; d9          ;       ; 7.133 ; 7.530 ;       ;
; a2         ; d10         ;       ; 8.495 ; 9.014 ;       ;
; a2         ; d11         ;       ; 7.039 ; 7.430 ;       ;
; a2         ; d12         ; 6.959 ;       ;       ; 7.382 ;
; a2         ; d13         ; 6.708 ;       ;       ; 7.120 ;
; a2         ; d14         ; 7.060 ;       ;       ; 7.491 ;
; a2         ; d15         ; 6.984 ;       ;       ; 7.454 ;
; a3         ; d0          ;       ; 6.927 ; 7.397 ;       ;
; a3         ; d1          ;       ; 7.207 ; 7.688 ;       ;
; a3         ; d2          ;       ; 7.084 ; 7.530 ;       ;
; a3         ; d3          ;       ; 7.475 ; 7.950 ;       ;
; a3         ; d4          ;       ; 7.623 ; 8.084 ;       ;
; a3         ; d5          ;       ; 7.705 ; 8.170 ;       ;
; a3         ; d6          ;       ; 7.895 ; 8.327 ;       ;
; a3         ; d7          ;       ; 8.483 ; 8.823 ;       ;
; a3         ; d8          ; 7.056 ;       ;       ; 7.523 ;
; a3         ; d9          ; 7.523 ;       ;       ; 8.016 ;
; a3         ; d10         ; 8.980 ;       ;       ; 9.371 ;
; a3         ; d11         ; 7.397 ;       ;       ; 7.901 ;
; a3         ; d12         ; 7.375 ;       ;       ; 7.875 ;
; a3         ; d13         ; 7.116 ;       ;       ; 7.598 ;
; a3         ; d14         ; 7.498 ;       ;       ; 7.965 ;
; a3         ; d15         ; 7.403 ;       ;       ; 7.911 ;
; on         ; d0          ; 6.496 ;       ;       ; 6.871 ;
; on         ; d1          ; 6.700 ;       ;       ; 7.109 ;
; on         ; d2          ; 6.612 ;       ;       ; 7.045 ;
; on         ; d3          ; 6.967 ;       ;       ; 7.374 ;
; on         ; d4          ; 7.181 ;       ;       ; 7.559 ;
; on         ; d5          ; 7.195 ;       ;       ; 7.607 ;
; on         ; d6          ; 6.869 ;       ;       ; 7.308 ;
; on         ; d7          ; 7.839 ;       ;       ; 8.384 ;
; on         ; d8          ; 6.546 ;       ;       ; 6.948 ;
; on         ; d9          ; 7.021 ;       ;       ; 7.451 ;
; on         ; d10         ; 8.482 ;       ;       ; 8.807 ;
; on         ; d11         ; 6.897 ;       ;       ; 7.339 ;
; on         ; d12         ; 6.874 ;       ;       ; 7.308 ;
; on         ; d13         ; 6.607 ;       ;       ; 7.026 ;
; on         ; d14         ; 7.003 ;       ;       ; 7.403 ;
; on         ; d15         ; 6.890 ;       ;       ; 7.342 ;
+------------+-------------+-------+-------+-------+-------+


----------------------------------------------
; Slow 1200mV 85C Model Metastability Report ;
----------------------------------------------
No synchronizer chains to report.


-------------------------------------
; Slow 1200mV 0C Model Fmax Summary ;
-------------------------------------
No paths to report.


--------------------------------------
; Slow 1200mV 0C Model Setup Summary ;
--------------------------------------
No paths to report.


-------------------------------------
; Slow 1200mV 0C Model Hold Summary ;
-------------------------------------
No paths to report.


-----------------------------------------
; Slow 1200mV 0C Model Recovery Summary ;
-----------------------------------------
No paths to report.


----------------------------------------
; Slow 1200mV 0C Model Removal Summary ;
----------------------------------------
No paths to report.


----------------------------------------------------
; Slow 1200mV 0C Model Minimum Pulse Width Summary ;
----------------------------------------------------
No paths to report.


+----------------------------------------------------------+
; Propagation Delay                                        ;
+------------+-------------+-------+-------+-------+-------+
; Input Port ; Output Port ; RR    ; RF    ; FR    ; FF    ;
+------------+-------------+-------+-------+-------+-------+
; a0         ; d0          ;       ; 6.108 ; 6.517 ;       ;
; a0         ; d1          ; 6.739 ;       ;       ; 7.076 ;
; a0         ; d2          ;       ; 6.270 ; 6.633 ;       ;
; a0         ; d3          ; 6.989 ;       ;       ; 7.336 ;
; a0         ; d4          ;       ; 6.754 ; 7.170 ;       ;
; a0         ; d5          ; 7.197 ;       ;       ; 7.572 ;
; a0         ; d6          ;       ; 7.007 ; 7.406 ;       ;
; a0         ; d7          ; 7.870 ;       ;       ; 8.357 ;
; a0         ; d8          ;       ; 6.530 ; 6.916 ;       ;
; a0         ; d9          ; 6.990 ;       ;       ; 7.334 ;
; a0         ; d10         ;       ; 8.290 ; 8.787 ;       ;
; a0         ; d11         ; 6.865 ;       ;       ; 7.229 ;
; a0         ; d12         ;       ; 6.853 ; 7.228 ;       ;
; a0         ; d13         ; 6.597 ;       ;       ; 6.950 ;
; a0         ; d14         ;       ; 6.939 ; 7.347 ;       ;
; a0         ; d15         ; 6.870 ;       ;       ; 7.241 ;
; a1         ; d0          ;       ; 5.760 ; 6.188 ;       ;
; a1         ; d1          ;       ; 6.450 ; 6.893 ;       ;
; a1         ; d2          ; 5.890 ;       ;       ; 6.275 ;
; a1         ; d3          ; 6.734 ;       ;       ; 7.088 ;
; a1         ; d4          ;       ; 6.412 ; 6.839 ;       ;
; a1         ; d5          ;       ; 6.968 ; 7.375 ;       ;
; a1         ; d6          ; 6.625 ;       ;       ; 7.034 ;
; a1         ; d7          ; 7.601 ;       ;       ; 8.135 ;
; a1         ; d8          ;       ; 6.288 ; 6.719 ;       ;
; a1         ; d9          ;       ; 6.764 ; 7.191 ;       ;
; a1         ; d10         ; 8.207 ;       ;       ; 8.456 ;
; a1         ; d11         ; 6.664 ;       ;       ; 7.048 ;
; a1         ; d12         ;       ; 6.644 ; 7.069 ;       ;
; a1         ; d13         ;       ; 6.387 ; 6.801 ;       ;
; a1         ; d14         ; 6.751 ;       ;       ; 7.127 ;
; a1         ; d15         ; 6.647 ;       ;       ; 7.070 ;
; a2         ; d0          ;       ; 5.874 ; 6.259 ;       ;
; a2         ; d1          ;       ; 6.417 ; 6.854 ;       ;
; a2         ; d2          ;       ; 6.032 ; 6.376 ;       ;
; a2         ; d3          ;       ; 6.701 ; 7.138 ;       ;
; a2         ; d4          ; 6.581 ;       ;       ; 6.878 ;
; a2         ; d5          ; 6.893 ;       ;       ; 7.265 ;
; a2         ; d6          ; 6.597 ;       ;       ; 6.999 ;
; a2         ; d7          ; 7.574 ;       ;       ; 8.104 ;
; a2         ; d8          ;       ; 6.267 ; 6.693 ;       ;
; a2         ; d9          ;       ; 6.726 ; 7.142 ;       ;
; a2         ; d10         ;       ; 8.030 ; 8.583 ;       ;
; a2         ; d11         ;       ; 6.638 ; 7.035 ;       ;
; a2         ; d12         ; 6.600 ;       ;       ; 6.949 ;
; a2         ; d13         ; 6.359 ;       ;       ; 6.724 ;
; a2         ; d14         ; 6.696 ;       ;       ; 7.054 ;
; a2         ; d15         ; 6.618 ;       ;       ; 7.033 ;
; a3         ; d0          ;       ; 6.573 ; 7.003 ;       ;
; a3         ; d1          ;       ; 6.826 ; 7.271 ;       ;
; a3         ; d2          ;       ; 6.735 ; 7.119 ;       ;
; a3         ; d3          ;       ; 7.086 ; 7.521 ;       ;
; a3         ; d4          ;       ; 7.219 ; 7.656 ;       ;
; a3         ; d5          ;       ; 7.322 ; 7.729 ;       ;
; a3         ; d6          ;       ; 7.472 ; 7.892 ;       ;
; a3         ; d7          ;       ; 8.107 ; 8.402 ;       ;
; a3         ; d8          ; 6.714 ;       ;       ; 7.070 ;
; a3         ; d9          ; 7.169 ;       ;       ; 7.531 ;
; a3         ; d10         ; 8.585 ;       ;       ; 8.830 ;
; a3         ; d11         ; 7.044 ;       ;       ; 7.426 ;
; a3         ; d12         ; 7.026 ;       ;       ; 7.393 ;
; a3         ; d13         ; 6.776 ;       ;       ; 7.147 ;
; a3         ; d14         ; 7.145 ;       ;       ; 7.479 ;
; a3         ; d15         ; 7.049 ;       ;       ; 7.438 ;
; on         ; d0          ; 6.185 ;       ;       ; 6.482 ;
; on         ; d1          ; 6.376 ;       ;       ; 6.689 ;
; on         ; d2          ; 6.283 ;       ;       ; 6.658 ;
; on         ; d3          ; 6.632 ;       ;       ; 6.946 ;
; on         ; d4          ; 6.837 ;       ;       ; 7.120 ;
; on         ; d5          ; 6.842 ;       ;       ; 7.185 ;
; on         ; d6          ; 6.534 ;       ;       ; 6.864 ;
; on         ; d7          ; 7.512 ;       ;       ; 7.967 ;
; on         ; d8          ; 6.220 ;       ;       ; 6.532 ;
; on         ; d9          ; 6.682 ;       ;       ; 7.001 ;
; on         ; d10         ; 8.098 ;       ;       ; 8.301 ;
; on         ; d11         ; 6.554 ;       ;       ; 6.901 ;
; on         ; d12         ; 6.537 ;       ;       ; 6.864 ;
; on         ; d13         ; 6.283 ;       ;       ; 6.612 ;
; on         ; d14         ; 6.659 ;       ;       ; 6.951 ;
; on         ; d15         ; 6.554 ;       ;       ; 6.906 ;
+------------+-------------+-------+-------+-------+-------+


+----------------------------------------------------------+
; Minimum Propagation Delay                                ;
+------------+-------------+-------+-------+-------+-------+
; Input Port ; Output Port ; RR    ; RF    ; FR    ; FF    ;
+------------+-------------+-------+-------+-------+-------+
; a0         ; d0          ;       ; 5.954 ; 6.342 ;       ;
; a0         ; d1          ; 6.562 ;       ;       ; 6.873 ;
; a0         ; d2          ;       ; 6.110 ; 6.452 ;       ;
; a0         ; d3          ; 6.802 ;       ;       ; 7.121 ;
; a0         ; d4          ;       ; 6.566 ; 6.962 ;       ;
; a0         ; d5          ; 7.002 ;       ;       ; 7.349 ;
; a0         ; d6          ;       ; 6.818 ; 7.196 ;       ;
; a0         ; d7          ; 7.696 ;       ;       ; 8.154 ;
; a0         ; d8          ;       ; 6.361 ; 6.727 ;       ;
; a0         ; d9          ; 6.811 ;       ;       ; 7.138 ;
; a0         ; d10         ;       ; 8.052 ; 8.524 ;       ;
; a0         ; d11         ; 6.692 ;       ;       ; 7.036 ;
; a0         ; d12         ;       ; 6.677 ; 7.030 ;       ;
; a0         ; d13         ; 6.435 ;       ;       ; 6.769 ;
; a0         ; d14         ;       ; 6.759 ; 7.145 ;       ;
; a0         ; d15         ; 6.697 ;       ;       ; 7.047 ;
; a1         ; d0          ;       ; 5.645 ; 6.061 ;       ;
; a1         ; d1          ;       ; 6.307 ; 6.737 ;       ;
; a1         ; d2          ; 5.769 ;       ;       ; 6.144 ;
; a1         ; d3          ; 6.580 ;       ;       ; 6.923 ;
; a1         ; d4          ;       ; 6.263 ; 6.680 ;       ;
; a1         ; d5          ;       ; 6.806 ; 7.201 ;       ;
; a1         ; d6          ; 6.477 ;       ;       ; 6.872 ;
; a1         ; d7          ; 7.460 ;       ;       ; 7.982 ;
; a1         ; d8          ;       ; 6.146 ; 6.567 ;       ;
; a1         ; d9          ;       ; 6.609 ; 7.025 ;       ;
; a1         ; d10         ; 7.991 ;       ;       ; 8.232 ;
; a1         ; d11         ; 6.513 ;       ;       ; 6.885 ;
; a1         ; d12         ;       ; 6.495 ; 6.907 ;       ;
; a1         ; d13         ;       ; 6.247 ; 6.650 ;       ;
; a1         ; d14         ; 6.597 ;       ;       ; 6.961 ;
; a1         ; d15         ; 6.497 ;       ;       ; 6.907 ;
; a2         ; d0          ;       ; 5.753 ; 6.129 ;       ;
; a2         ; d1          ;       ; 6.276 ; 6.700 ;       ;
; a2         ; d2          ;       ; 5.905 ; 6.241 ;       ;
; a2         ; d3          ;       ; 6.548 ; 6.973 ;       ;
; a2         ; d4          ; 6.427 ;       ;       ; 6.714 ;
; a2         ; d5          ; 6.734 ;       ;       ; 7.095 ;
; a2         ; d6          ; 6.450 ;       ;       ; 6.841 ;
; a2         ; d7          ; 7.435 ;       ;       ; 7.953 ;
; a2         ; d8          ;       ; 6.127 ; 6.542 ;       ;
; a2         ; d9          ;       ; 6.574 ; 6.978 ;       ;
; a2         ; d10         ;       ; 7.821 ; 8.358 ;       ;
; a2         ; d11         ;       ; 6.488 ; 6.875 ;       ;
; a2         ; d12         ; 6.453 ;       ;       ; 6.792 ;
; a2         ; d13         ; 6.221 ;       ;       ; 6.576 ;
; a2         ; d14         ; 6.545 ;       ;       ; 6.892 ;
; a2         ; d15         ; 6.470 ;       ;       ; 6.872 ;
; a3         ; d0          ;       ; 6.421 ; 6.840 ;       ;
; a3         ; d1          ;       ; 6.665 ; 7.097 ;       ;
; a3         ; d2          ;       ; 6.577 ; 6.950 ;       ;
; a3         ; d3          ;       ; 6.913 ; 7.337 ;       ;
; a3         ; d4          ;       ; 7.033 ; 7.460 ;       ;
; a3         ; d5          ;       ; 7.141 ; 7.537 ;       ;
; a3         ; d6          ;       ; 7.285 ; 7.694 ;       ;
; a3         ; d7          ;       ; 7.946 ; 8.231 ;       ;
; a3         ; d8          ; 6.553 ;       ;       ; 6.901 ;
; a3         ; d9          ; 6.993 ;       ;       ; 7.350 ;
; a3         ; d10         ; 8.350 ;       ;       ; 8.592 ;
; a3         ; d11         ; 6.874 ;       ;       ; 7.248 ;
; a3         ; d12         ; 6.856 ;       ;       ; 7.217 ;
; a3         ; d13         ; 6.617 ;       ;       ; 6.981 ;
; a3         ; d14         ; 6.971 ;       ;       ; 7.299 ;
; a3         ; d15         ; 6.879 ;       ;       ; 7.259 ;
; on         ; d0          ; 6.052 ;       ;       ; 6.342 ;
; on         ; d1          ; 6.235 ;       ;       ; 6.541 ;
; on         ; d2          ; 6.146 ;       ;       ; 6.512 ;
; on         ; d3          ; 6.481 ;       ;       ; 6.787 ;
; on         ; d4          ; 6.672 ;       ;       ; 6.947 ;
; on         ; d5          ; 6.684 ;       ;       ; 7.018 ;
; on         ; d6          ; 6.389 ;       ;       ; 6.709 ;
; on         ; d7          ; 7.374 ;       ;       ; 7.820 ;
; on         ; d8          ; 6.082 ;       ;       ; 6.385 ;
; on         ; d9          ; 6.530 ;       ;       ; 6.841 ;
; on         ; d10         ; 7.886 ;       ;       ; 8.084 ;
; on         ; d11         ; 6.407 ;       ;       ; 6.744 ;
; on         ; d12         ; 6.391 ;       ;       ; 6.710 ;
; on         ; d13         ; 6.148 ;       ;       ; 6.467 ;
; on         ; d14         ; 6.508 ;       ;       ; 6.792 ;
; on         ; d15         ; 6.407 ;       ;       ; 6.749 ;
+------------+-------------+-------+-------+-------+-------+


---------------------------------------------
; Slow 1200mV 0C Model Metastability Report ;
---------------------------------------------
No synchronizer chains to report.


--------------------------------------
; Fast 1200mV 0C Model Setup Summary ;
--------------------------------------
No paths to report.


-------------------------------------
; Fast 1200mV 0C Model Hold Summary ;
-------------------------------------
No paths to report.


-----------------------------------------
; Fast 1200mV 0C Model Recovery Summary ;
-----------------------------------------
No paths to report.


----------------------------------------
; Fast 1200mV 0C Model Removal Summary ;
----------------------------------------
No paths to report.


----------------------------------------------------
; Fast 1200mV 0C Model Minimum Pulse Width Summary ;
----------------------------------------------------
No paths to report.


+----------------------------------------------------------+
; Propagation Delay                                        ;
+------------+-------------+-------+-------+-------+-------+
; Input Port ; Output Port ; RR    ; RF    ; FR    ; FF    ;
+------------+-------------+-------+-------+-------+-------+
; a0         ; d0          ;       ; 3.933 ; 4.471 ;       ;
; a0         ; d1          ; 4.301 ;       ;       ; 4.940 ;
; a0         ; d2          ;       ; 4.048 ; 4.564 ;       ;
; a0         ; d3          ; 4.475 ;       ;       ; 5.131 ;
; a0         ; d4          ;       ; 4.356 ; 4.818 ;       ;
; a0         ; d5          ; 4.615 ;       ;       ; 5.296 ;
; a0         ; d6          ;       ; 4.593 ; 5.057 ;       ;
; a0         ; d7          ; 5.085 ;       ;       ; 5.872 ;
; a0         ; d8          ;       ; 4.223 ; 4.739 ;       ;
; a0         ; d9          ; 4.481 ;       ;       ; 5.134 ;
; a0         ; d10         ;       ; 5.446 ; 5.853 ;       ;
; a0         ; d11         ; 4.412 ;       ;       ; 5.062 ;
; a0         ; d12         ;       ; 4.460 ; 5.001 ;       ;
; a0         ; d13         ; 4.229 ;       ;       ; 4.862 ;
; a0         ; d14         ;       ; 4.520 ; 5.055 ;       ;
; a0         ; d15         ; 4.411 ;       ;       ; 5.069 ;
; a1         ; d0          ;       ; 3.722 ; 4.283 ;       ;
; a1         ; d1          ;       ; 4.180 ; 4.790 ;       ;
; a1         ; d2          ; 3.785 ;       ;       ; 4.388 ;
; a1         ; d3          ; 4.328 ;       ;       ; 4.983 ;
; a1         ; d4          ;       ; 4.148 ; 4.629 ;       ;
; a1         ; d5          ;       ; 4.555 ; 5.124 ;       ;
; a1         ; d6          ; 4.273 ;       ;       ; 4.951 ;
; a1         ; d7          ; 4.932 ;       ;       ; 5.743 ;
; a1         ; d8          ;       ; 4.067 ; 4.634 ;       ;
; a1         ; d9          ;       ; 4.411 ; 5.003 ;       ;
; a1         ; d10         ; 5.137 ;       ;       ; 5.931 ;
; a1         ; d11         ; 4.306 ;       ;       ; 4.961 ;
; a1         ; d12         ;       ; 4.335 ; 4.927 ;       ;
; a1         ; d13         ;       ; 4.140 ; 4.748 ;       ;
; a1         ; d14         ; 4.332 ;       ;       ; 5.020 ;
; a1         ; d15         ; 4.291 ;       ;       ; 4.972 ;
; a2         ; d0          ;       ; 3.785 ; 4.332 ;       ;
; a2         ; d1          ;       ; 4.185 ; 4.764 ;       ;
; a2         ; d2          ;       ; 3.899 ; 4.427 ;       ;
; a2         ; d3          ;       ; 4.394 ; 4.965 ;       ;
; a2         ; d4          ; 4.127 ;       ;       ; 4.778 ;
; a2         ; d5          ; 4.453 ;       ;       ; 5.108 ;
; a2         ; d6          ; 4.280 ;       ;       ; 4.935 ;
; a2         ; d7          ; 4.942 ;       ;       ; 5.730 ;
; a2         ; d8          ;       ; 4.081 ; 4.621 ;       ;
; a2         ; d9          ;       ; 4.408 ; 4.969 ;       ;
; a2         ; d10         ;       ; 5.311 ; 5.748 ;       ;
; a2         ; d11         ;       ; 4.345 ; 4.919 ;       ;
; a2         ; d12         ; 4.269 ;       ;       ; 4.899 ;
; a2         ; d13         ; 4.119 ;       ;       ; 4.730 ;
; a2         ; d14         ; 4.309 ;       ;       ; 4.971 ;
; a2         ; d15         ; 4.296 ;       ;       ; 4.953 ;
; a3         ; d0          ;       ; 4.233 ; 4.839 ;       ;
; a3         ; d1          ;       ; 4.420 ; 5.013 ;       ;
; a3         ; d2          ;       ; 4.348 ; 4.932 ;       ;
; a3         ; d3          ;       ; 4.611 ; 5.187 ;       ;
; a3         ; d4          ;       ; 4.656 ; 5.186 ;       ;
; a3         ; d5          ;       ; 4.776 ; 5.327 ;       ;
; a3         ; d6          ;       ; 4.893 ; 5.425 ;       ;
; a3         ; d7          ;       ; 5.352 ; 5.797 ;       ;
; a3         ; d8          ; 4.243 ;       ;       ; 4.949 ;
; a3         ; d9          ; 4.596 ;       ;       ; 5.274 ;
; a3         ; d10         ; 5.357 ;       ;       ; 6.172 ;
; a3         ; d11         ; 4.527 ;       ;       ; 5.202 ;
; a3         ; d12         ; 4.505 ;       ;       ; 5.186 ;
; a3         ; d13         ; 4.344 ;       ;       ; 5.002 ;
; a3         ; d14         ; 4.559 ;       ;       ; 5.246 ;
; a3         ; d15         ; 4.526 ;       ;       ; 5.209 ;
; on         ; d0          ; 3.946 ;       ;       ; 4.537 ;
; on         ; d1          ; 4.070 ;       ;       ; 4.682 ;
; on         ; d2          ; 4.030 ;       ;       ; 4.661 ;
; on         ; d3          ; 4.244 ;       ;       ; 4.868 ;
; on         ; d4          ; 4.294 ;       ;       ; 4.956 ;
; on         ; d5          ; 4.390 ;       ;       ; 5.036 ;
; on         ; d6          ; 4.195 ;       ;       ; 4.818 ;
; on         ; d7          ; 4.855 ;       ;       ; 5.610 ;
; on         ; d8          ; 3.924 ;       ;       ; 4.571 ;
; on         ; d9          ; 4.285 ;       ;       ; 4.910 ;
; on         ; d10         ; 5.048 ;       ;       ; 5.806 ;
; on         ; d11         ; 4.217 ;       ;       ; 4.838 ;
; on         ; d12         ; 4.193 ;       ;       ; 4.815 ;
; on         ; d13         ; 4.026 ;       ;       ; 4.629 ;
; on         ; d14         ; 4.251 ;       ;       ; 4.882 ;
; on         ; d15         ; 4.213 ;       ;       ; 4.838 ;
+------------+-------------+-------+-------+-------+-------+


+----------------------------------------------------------+
; Minimum Propagation Delay                                ;
+------------+-------------+-------+-------+-------+-------+
; Input Port ; Output Port ; RR    ; RF    ; FR    ; FF    ;
+------------+-------------+-------+-------+-------+-------+
; a0         ; d0          ;       ; 3.825 ; 4.351 ;       ;
; a0         ; d1          ; 4.183 ;       ;       ; 4.797 ;
; a0         ; d2          ;       ; 3.933 ; 4.439 ;       ;
; a0         ; d3          ; 4.350 ;       ;       ; 4.981 ;
; a0         ; d4          ;       ; 4.225 ; 4.677 ;       ;
; a0         ; d5          ; 4.486 ;       ;       ; 5.141 ;
; a0         ; d6          ;       ; 4.459 ; 4.914 ;       ;
; a0         ; d7          ; 4.967 ;       ;       ; 5.730 ;
; a0         ; d8          ;       ; 4.106 ; 4.606 ;       ;
; a0         ; d9          ; 4.365 ;       ;       ; 4.995 ;
; a0         ; d10         ;       ; 5.280 ; 5.677 ;       ;
; a0         ; d11         ; 4.298 ;       ;       ; 4.926 ;
; a0         ; d12         ;       ; 4.338 ; 4.863 ;       ;
; a0         ; d13         ; 4.121 ;       ;       ; 4.734 ;
; a0         ; d14         ;       ; 4.393 ; 4.914 ;       ;
; a0         ; d15         ; 4.297 ;       ;       ; 4.932 ;
; a1         ; d0          ;       ; 3.641 ; 4.198 ;       ;
; a1         ; d1          ;       ; 4.080 ; 4.683 ;       ;
; a1         ; d2          ; 3.702 ;       ;       ; 4.295 ;
; a1         ; d3          ; 4.224 ;       ;       ; 4.868 ;
; a1         ; d4          ;       ; 4.044 ; 4.523 ;       ;
; a1         ; d5          ;       ; 4.442 ; 5.006 ;       ;
; a1         ; d6          ; 4.171 ;       ;       ; 4.839 ;
; a1         ; d7          ; 4.836 ;       ;       ; 5.635 ;
; a1         ; d8          ;       ; 3.970 ; 4.528 ;       ;
; a1         ; d9          ;       ; 4.303 ; 4.889 ;       ;
; a1         ; d10         ; 4.997 ;       ;       ; 5.775 ;
; a1         ; d11         ; 4.203 ;       ;       ; 4.848 ;
; a1         ; d12         ;       ; 4.231 ; 4.816 ;       ;
; a1         ; d13         ;       ; 4.042 ; 4.644 ;       ;
; a1         ; d14         ; 4.227 ;       ;       ; 4.903 ;
; a1         ; d15         ; 4.188 ;       ;       ; 4.857 ;
; a2         ; d0          ;       ; 3.702 ; 4.244 ;       ;
; a2         ; d1          ;       ; 4.085 ; 4.658 ;       ;
; a2         ; d2          ;       ; 3.810 ; 4.335 ;       ;
; a2         ; d3          ;       ; 4.287 ; 4.852 ;       ;
; a2         ; d4          ; 4.024 ;       ;       ; 4.666 ;
; a2         ; d5          ; 4.346 ;       ;       ; 4.990 ;
; a2         ; d6          ; 4.179 ;       ;       ; 4.823 ;
; a2         ; d7          ; 4.845 ;       ;       ; 5.623 ;
; a2         ; d8          ;       ; 3.984 ; 4.517 ;       ;
; a2         ; d9          ;       ; 4.300 ; 4.857 ;       ;
; a2         ; d10         ;       ; 5.164 ; 5.601 ;       ;
; a2         ; d11         ;       ; 4.240 ; 4.809 ;       ;
; a2         ; d12         ; 4.168 ;       ;       ; 4.790 ;
; a2         ; d13         ; 4.023 ;       ;       ; 4.626 ;
; a2         ; d14         ; 4.206 ;       ;       ; 4.856 ;
; a2         ; d15         ; 4.193 ;       ;       ; 4.839 ;
; a3         ; d0          ;       ; 4.134 ; 4.730 ;       ;
; a3         ; d1          ;       ; 4.312 ; 4.896 ;       ;
; a3         ; d2          ;       ; 4.242 ; 4.818 ;       ;
; a3         ; d3          ;       ; 4.496 ; 5.063 ;       ;
; a3         ; d4          ;       ; 4.534 ; 5.056 ;       ;
; a3         ; d5          ;       ; 4.656 ; 5.199 ;       ;
; a3         ; d6          ;       ; 4.768 ; 5.293 ;       ;
; a3         ; d7          ;       ; 5.245 ; 5.680 ;       ;
; a3         ; d8          ; 4.138 ;       ;       ; 4.833 ;
; a3         ; d9          ; 4.482 ;       ;       ; 5.149 ;
; a3         ; d10         ; 5.209 ;       ;       ; 6.007 ;
; a3         ; d11         ; 4.415 ;       ;       ; 5.080 ;
; a3         ; d12         ; 4.395 ;       ;       ; 5.065 ;
; a3         ; d13         ; 4.238 ;       ;       ; 4.888 ;
; a3         ; d14         ; 4.446 ;       ;       ; 5.120 ;
; a3         ; d15         ; 4.414 ;       ;       ; 5.086 ;
; on         ; d0          ; 3.857 ;       ;       ; 4.440 ;
; on         ; d1          ; 3.975 ;       ;       ; 4.579 ;
; on         ; d2          ; 3.937 ;       ;       ; 4.558 ;
; on         ; d3          ; 4.143 ;       ;       ; 4.758 ;
; on         ; d4          ; 4.184 ;       ;       ; 4.837 ;
; on         ; d5          ; 4.284 ;       ;       ; 4.921 ;
; on         ; d6          ; 4.097 ;       ;       ; 4.711 ;
; on         ; d7          ; 4.761 ;       ;       ; 5.508 ;
; on         ; d8          ; 3.831 ;       ;       ; 4.470 ;
; on         ; d9          ; 4.183 ;       ;       ; 4.799 ;
; on         ; d10         ; 4.911 ;       ;       ; 5.656 ;
; on         ; d11         ; 4.117 ;       ;       ; 4.730 ;
; on         ; d12         ; 4.094 ;       ;       ; 4.709 ;
; on         ; d13         ; 3.933 ;       ;       ; 4.529 ;
; on         ; d14         ; 4.150 ;       ;       ; 4.771 ;
; on         ; d15         ; 4.113 ;       ;       ; 4.729 ;
+------------+-------------+-------+-------+-------+-------+


---------------------------------------------
; Fast 1200mV 0C Model Metastability Report ;
---------------------------------------------
No synchronizer chains to report.


+----------------------------------------------------------------------------+
; Multicorner Timing Analysis Summary                                        ;
+------------------+-------+------+----------+---------+---------------------+
; Clock            ; Setup ; Hold ; Recovery ; Removal ; Minimum Pulse Width ;
+------------------+-------+------+----------+---------+---------------------+
; Worst-case Slack ; N/A   ; N/A  ; N/A      ; N/A     ; N/A                 ;
; Design-wide TNS  ; 0.0   ; 0.0  ; 0.0      ; 0.0     ; 0.0                 ;
+------------------+-------+------+----------+---------+---------------------+


+----------------------------------------------------------+
; Propagation Delay                                        ;
+------------+-------------+-------+-------+-------+-------+
; Input Port ; Output Port ; RR    ; RF    ; FR    ; FF    ;
+------------+-------------+-------+-------+-------+-------+
; a0         ; d0          ;       ; 6.605 ; 7.039 ;       ;
; a0         ; d1          ; 7.253 ;       ;       ; 7.704 ;
; a0         ; d2          ;       ; 6.770 ; 7.179 ;       ;
; a0         ; d3          ; 7.526 ;       ;       ; 7.984 ;
; a0         ; d4          ;       ; 7.339 ; 7.761 ;       ;
; a0         ; d5          ; 7.754 ;       ;       ; 8.222 ;
; a0         ; d6          ;       ; 7.614 ; 8.008 ;       ;
; a0         ; d7          ; 8.385 ;       ;       ; 8.980 ;
; a0         ; d8          ;       ; 7.080 ; 7.500 ;       ;
; a0         ; d9          ; 7.526 ;       ;       ; 7.998 ;
; a0         ; d10         ;       ; 9.004 ; 9.505 ;       ;
; a0         ; d11         ; 7.394 ;       ;       ; 7.879 ;
; a0         ; d12         ;       ; 7.441 ; 7.828 ;       ;
; a0         ; d13         ; 7.101 ;       ;       ; 7.563 ;
; a0         ; d14         ;       ; 7.536 ; 7.958 ;       ;
; a0         ; d15         ; 7.401 ;       ;       ; 7.891 ;
; a1         ; d0          ;       ; 6.224 ; 6.680 ;       ;
; a1         ; d1          ;       ; 7.019 ; 7.472 ;       ;
; a1         ; d2          ; 6.345 ;       ;       ; 6.795 ;
; a1         ; d3          ; 7.296 ;       ;       ; 7.716 ;
; a1         ; d4          ;       ; 6.961 ; 7.398 ;       ;
; a1         ; d5          ;       ; 7.570 ; 8.000 ;       ;
; a1         ; d6          ; 7.183 ;       ;       ; 7.674 ;
; a1         ; d7          ; 8.141 ;       ;       ; 8.741 ;
; a1         ; d8          ;       ; 6.848 ; 7.297 ;       ;
; a1         ; d9          ;       ; 7.373 ; 7.798 ;       ;
; a1         ; d10         ; 8.881 ;       ;       ; 9.221 ;
; a1         ; d11         ; 7.226 ;       ;       ; 7.683 ;
; a1         ; d12         ;       ; 7.253 ; 7.666 ;       ;
; a1         ; d13         ;       ; 6.950 ; 7.379 ;       ;
; a1         ; d14         ; 7.321 ;       ;       ; 7.779 ;
; a1         ; d15         ; 7.209 ;       ;       ; 7.709 ;
; a2         ; d0          ;       ; 6.331 ; 6.744 ;       ;
; a2         ; d1          ;       ; 6.965 ; 7.397 ;       ;
; a2         ; d2          ;       ; 6.492 ; 6.886 ;       ;
; a2         ; d3          ;       ; 7.273 ; 7.714 ;       ;
; a2         ; d4          ; 7.081 ;       ;       ; 7.480 ;
; a2         ; d5          ; 7.449 ;       ;       ; 7.871 ;
; a2         ; d6          ; 7.130 ;       ;       ; 7.611 ;
; a2         ; d7          ; 8.091 ;       ;       ; 8.681 ;
; a2         ; d8          ;       ; 6.809 ; 7.242 ;       ;
; a2         ; d9          ;       ; 7.313 ; 7.720 ;       ;
; a2         ; d10         ;       ; 8.735 ; 9.270 ;       ;
; a2         ; d11         ;       ; 7.215 ; 7.616 ;       ;
; a2         ; d12         ; 7.131 ;       ;       ; 7.566 ;
; a2         ; d13         ; 6.871 ;       ;       ; 7.293 ;
; a2         ; d14         ; 7.237 ;       ;       ; 7.682 ;
; a2         ; d15         ; 7.157 ;       ;       ; 7.643 ;
; a3         ; d0          ;       ; 7.105 ; 7.585 ;       ;
; a3         ; d1          ;       ; 7.396 ; 7.888 ;       ;
; a3         ; d2          ;       ; 7.270 ; 7.725 ;       ;
; a3         ; d3          ;       ; 7.676 ; 8.161 ;       ;
; a3         ; d4          ;       ; 7.839 ; 8.307 ;       ;
; a3         ; d5          ;       ; 7.914 ; 8.389 ;       ;
; a3         ; d6          ;       ; 8.114 ; 8.554 ;       ;
; a3         ; d7          ;       ; 8.672 ; 9.020 ;       ;
; a3         ; d8          ; 7.241 ;       ;       ; 7.722 ;
; a3         ; d9          ; 7.725 ;       ;       ; 8.230 ;
; a3         ; d10         ; 9.246 ;       ;       ; 9.646 ;
; a3         ; d11         ; 7.593 ;       ;       ; 8.111 ;
; a3         ; d12         ; 7.569 ;       ;       ; 8.083 ;
; a3         ; d13         ; 7.300 ;       ;       ; 7.795 ;
; a3         ; d14         ; 7.699 ;       ;       ; 8.178 ;
; a3         ; d15         ; 7.600 ;       ;       ; 8.123 ;
; on         ; d0          ; 6.649 ;       ;       ; 7.035 ;
; on         ; d1          ; 6.863 ;       ;       ; 7.284 ;
; on         ; d2          ; 6.771 ;       ;       ; 7.218 ;
; on         ; d3          ; 7.142 ;       ;       ; 7.561 ;
; on         ; d4          ; 7.370 ;       ;       ; 7.760 ;
; on         ; d5          ; 7.378 ;       ;       ; 7.803 ;
; on         ; d6          ; 7.038 ;       ;       ; 7.491 ;
; on         ; d7          ; 7.999 ;       ;       ; 8.558 ;
; on         ; d8          ; 6.705 ;       ;       ; 7.121 ;
; on         ; d9          ; 7.197 ;       ;       ; 7.639 ;
; on         ; d10         ; 8.722 ;       ;       ; 9.056 ;
; on         ; d11         ; 7.067 ;       ;       ; 7.523 ;
; on         ; d12         ; 7.042 ;       ;       ; 7.490 ;
; on         ; d13         ; 6.765 ;       ;       ; 7.196 ;
; on         ; d14         ; 7.179 ;       ;       ; 7.590 ;
; on         ; d15         ; 7.061 ;       ;       ; 7.527 ;
+------------+-------------+-------+-------+-------+-------+


+----------------------------------------------------------+
; Minimum Propagation Delay                                ;
+------------+-------------+-------+-------+-------+-------+
; Input Port ; Output Port ; RR    ; RF    ; FR    ; FF    ;
+------------+-------------+-------+-------+-------+-------+
; a0         ; d0          ;       ; 3.825 ; 4.351 ;       ;
; a0         ; d1          ; 4.183 ;       ;       ; 4.797 ;
; a0         ; d2          ;       ; 3.933 ; 4.439 ;       ;
; a0         ; d3          ; 4.350 ;       ;       ; 4.981 ;
; a0         ; d4          ;       ; 4.225 ; 4.677 ;       ;
; a0         ; d5          ; 4.486 ;       ;       ; 5.141 ;
; a0         ; d6          ;       ; 4.459 ; 4.914 ;       ;
; a0         ; d7          ; 4.967 ;       ;       ; 5.730 ;
; a0         ; d8          ;       ; 4.106 ; 4.606 ;       ;
; a0         ; d9          ; 4.365 ;       ;       ; 4.995 ;
; a0         ; d10         ;       ; 5.280 ; 5.677 ;       ;
; a0         ; d11         ; 4.298 ;       ;       ; 4.926 ;
; a0         ; d12         ;       ; 4.338 ; 4.863 ;       ;
; a0         ; d13         ; 4.121 ;       ;       ; 4.734 ;
; a0         ; d14         ;       ; 4.393 ; 4.914 ;       ;
; a0         ; d15         ; 4.297 ;       ;       ; 4.932 ;
; a1         ; d0          ;       ; 3.641 ; 4.198 ;       ;
; a1         ; d1          ;       ; 4.080 ; 4.683 ;       ;
; a1         ; d2          ; 3.702 ;       ;       ; 4.295 ;
; a1         ; d3          ; 4.224 ;       ;       ; 4.868 ;
; a1         ; d4          ;       ; 4.044 ; 4.523 ;       ;
; a1         ; d5          ;       ; 4.442 ; 5.006 ;       ;
; a1         ; d6          ; 4.171 ;       ;       ; 4.839 ;
; a1         ; d7          ; 4.836 ;       ;       ; 5.635 ;
; a1         ; d8          ;       ; 3.970 ; 4.528 ;       ;
; a1         ; d9          ;       ; 4.303 ; 4.889 ;       ;
; a1         ; d10         ; 4.997 ;       ;       ; 5.775 ;
; a1         ; d11         ; 4.203 ;       ;       ; 4.848 ;
; a1         ; d12         ;       ; 4.231 ; 4.816 ;       ;
; a1         ; d13         ;       ; 4.042 ; 4.644 ;       ;
; a1         ; d14         ; 4.227 ;       ;       ; 4.903 ;
; a1         ; d15         ; 4.188 ;       ;       ; 4.857 ;
; a2         ; d0          ;       ; 3.702 ; 4.244 ;       ;
; a2         ; d1          ;       ; 4.085 ; 4.658 ;       ;
; a2         ; d2          ;       ; 3.810 ; 4.335 ;       ;
; a2         ; d3          ;       ; 4.287 ; 4.852 ;       ;
; a2         ; d4          ; 4.024 ;       ;       ; 4.666 ;
; a2         ; d5          ; 4.346 ;       ;       ; 4.990 ;
; a2         ; d6          ; 4.179 ;       ;       ; 4.823 ;
; a2         ; d7          ; 4.845 ;       ;       ; 5.623 ;
; a2         ; d8          ;       ; 3.984 ; 4.517 ;       ;
; a2         ; d9          ;       ; 4.300 ; 4.857 ;       ;
; a2         ; d10         ;       ; 5.164 ; 5.601 ;       ;
; a2         ; d11         ;       ; 4.240 ; 4.809 ;       ;
; a2         ; d12         ; 4.168 ;       ;       ; 4.790 ;
; a2         ; d13         ; 4.023 ;       ;       ; 4.626 ;
; a2         ; d14         ; 4.206 ;       ;       ; 4.856 ;
; a2         ; d15         ; 4.193 ;       ;       ; 4.839 ;
; a3         ; d0          ;       ; 4.134 ; 4.730 ;       ;
; a3         ; d1          ;       ; 4.312 ; 4.896 ;       ;
; a3         ; d2          ;       ; 4.242 ; 4.818 ;       ;
; a3         ; d3          ;       ; 4.496 ; 5.063 ;       ;
; a3         ; d4          ;       ; 4.534 ; 5.056 ;       ;
; a3         ; d5          ;       ; 4.656 ; 5.199 ;       ;
; a3         ; d6          ;       ; 4.768 ; 5.293 ;       ;
; a3         ; d7          ;       ; 5.245 ; 5.680 ;       ;
; a3         ; d8          ; 4.138 ;       ;       ; 4.833 ;
; a3         ; d9          ; 4.482 ;       ;       ; 5.149 ;
; a3         ; d10         ; 5.209 ;       ;       ; 6.007 ;
; a3         ; d11         ; 4.415 ;       ;       ; 5.080 ;
; a3         ; d12         ; 4.395 ;       ;       ; 5.065 ;
; a3         ; d13         ; 4.238 ;       ;       ; 4.888 ;
; a3         ; d14         ; 4.446 ;       ;       ; 5.120 ;
; a3         ; d15         ; 4.414 ;       ;       ; 5.086 ;
; on         ; d0          ; 3.857 ;       ;       ; 4.440 ;
; on         ; d1          ; 3.975 ;       ;       ; 4.579 ;
; on         ; d2          ; 3.937 ;       ;       ; 4.558 ;
; on         ; d3          ; 4.143 ;       ;       ; 4.758 ;
; on         ; d4          ; 4.184 ;       ;       ; 4.837 ;
; on         ; d5          ; 4.284 ;       ;       ; 4.921 ;
; on         ; d6          ; 4.097 ;       ;       ; 4.711 ;
; on         ; d7          ; 4.761 ;       ;       ; 5.508 ;
; on         ; d8          ; 3.831 ;       ;       ; 4.470 ;
; on         ; d9          ; 4.183 ;       ;       ; 4.799 ;
; on         ; d10         ; 4.911 ;       ;       ; 5.656 ;
; on         ; d11         ; 4.117 ;       ;       ; 4.730 ;
; on         ; d12         ; 4.094 ;       ;       ; 4.709 ;
; on         ; d13         ; 3.933 ;       ;       ; 4.529 ;
; on         ; d14         ; 4.150 ;       ;       ; 4.771 ;
; on         ; d15         ; 4.113 ;       ;       ; 4.729 ;
+------------+-------------+-------+-------+-------+-------+


+------------------------------------------------------------------------------------------------------------------------------------------------------------------------------------------------------------------------------------------------------------------------------------------------------------------------------------------------------------------------------------------------------------------+
; Board Trace Model Assignments                                                                                                                                                                                                                                                                                                                                                                                    ;
+---------------+--------------+-------------------+-------------------------+-------------------------+---------------+---------------------+----------------+------------------+--------+------------------+------------------------+------------------------+--------------+---------------+-----------------+-------+---------------------+--------------------+---------------+-----------------+-------------+
; Pin           ; I/O Standard ; Near Tline Length ; Near Tline L per Length ; Near Tline C per Length ; Near Series R ; Near Differential R ; Near Pull-up R ; Near Pull-down R ; Near C ; Far Tline Length ; Far Tline L per Length ; Far Tline C per Length ; Far Series R ; Far Pull-up R ; Far Pull-down R ; Far C ; Termination Voltage ; Far Differential R ; EBD File Name ; EBD Signal Name ; EBD Far-end ;
+---------------+--------------+-------------------+-------------------------+-------------------------+---------------+---------------------+----------------+------------------+--------+------------------+------------------------+------------------------+--------------+---------------+-----------------+-------+---------------------+--------------------+---------------+-----------------+-------------+
; d15           ; 2.5 V        ; 0 in              ; 0 H/in                  ; 0 F/in                  ; short         ; -                   ; open           ; open             ; open   ; 0 in             ; 0 H/in                 ; 0 F/in                 ; short        ; open          ; open            ; open  ; 0 V                 ; -                  ; n/a           ; n/a             ; n/a         ;
; d14           ; 2.5 V        ; 0 in              ; 0 H/in                  ; 0 F/in                  ; short         ; -                   ; open           ; open             ; open   ; 0 in             ; 0 H/in                 ; 0 F/in                 ; short        ; open          ; open            ; open  ; 0 V                 ; -                  ; n/a           ; n/a             ; n/a         ;
; d13           ; 2.5 V        ; 0 in              ; 0 H/in                  ; 0 F/in                  ; short         ; -                   ; open           ; open             ; open   ; 0 in             ; 0 H/in                 ; 0 F/in                 ; short        ; open          ; open            ; open  ; 0 V                 ; -                  ; n/a           ; n/a             ; n/a         ;
; d12           ; 2.5 V        ; 0 in              ; 0 H/in                  ; 0 F/in                  ; short         ; -                   ; open           ; open             ; open   ; 0 in             ; 0 H/in                 ; 0 F/in                 ; short        ; open          ; open            ; open  ; 0 V                 ; -                  ; n/a           ; n/a             ; n/a         ;
; d11           ; 2.5 V        ; 0 in              ; 0 H/in                  ; 0 F/in                  ; short         ; -                   ; open           ; open             ; open   ; 0 in             ; 0 H/in                 ; 0 F/in                 ; short        ; open          ; open            ; open  ; 0 V                 ; -                  ; n/a           ; n/a             ; n/a         ;
; d10           ; 2.5 V        ; 0 in              ; 0 H/in                  ; 0 F/in                  ; short         ; -                   ; open           ; open             ; open   ; 0 in             ; 0 H/in                 ; 0 F/in                 ; short        ; open          ; open            ; open  ; 0 V                 ; -                  ; n/a           ; n/a             ; n/a         ;
; d9            ; 2.5 V        ; 0 in              ; 0 H/in                  ; 0 F/in                  ; short         ; -                   ; open           ; open             ; open   ; 0 in             ; 0 H/in                 ; 0 F/in                 ; short        ; open          ; open            ; open  ; 0 V                 ; -                  ; n/a           ; n/a             ; n/a         ;
; d8            ; 2.5 V        ; 0 in              ; 0 H/in                  ; 0 F/in                  ; short         ; -                   ; open           ; open             ; open   ; 0 in             ; 0 H/in                 ; 0 F/in                 ; short        ; open          ; open            ; open  ; 0 V                 ; -                  ; n/a           ; n/a             ; n/a         ;
; d7            ; 2.5 V        ; 0 in              ; 0 H/in                  ; 0 F/in                  ; short         ; -                   ; open           ; open             ; open   ; 0 in             ; 0 H/in                 ; 0 F/in                 ; short        ; open          ; open            ; open  ; 0 V                 ; -                  ; n/a           ; n/a             ; n/a         ;
; d6            ; 2.5 V        ; 0 in              ; 0 H/in                  ; 0 F/in                  ; short         ; -                   ; open           ; open             ; open   ; 0 in             ; 0 H/in                 ; 0 F/in                 ; short        ; open          ; open            ; open  ; 0 V                 ; -                  ; n/a           ; n/a             ; n/a         ;
; d5            ; 2.5 V        ; 0 in              ; 0 H/in                  ; 0 F/in                  ; short         ; -                   ; open           ; open             ; open   ; 0 in             ; 0 H/in                 ; 0 F/in                 ; short        ; open          ; open            ; open  ; 0 V                 ; -                  ; n/a           ; n/a             ; n/a         ;
; d4            ; 2.5 V        ; 0 in              ; 0 H/in                  ; 0 F/in                  ; short         ; -                   ; open           ; open             ; open   ; 0 in             ; 0 H/in                 ; 0 F/in                 ; short        ; open          ; open            ; open  ; 0 V                 ; -                  ; n/a           ; n/a             ; n/a         ;
; d3            ; 2.5 V        ; 0 in              ; 0 H/in                  ; 0 F/in                  ; short         ; -                   ; open           ; open             ; open   ; 0 in             ; 0 H/in                 ; 0 F/in                 ; short        ; open          ; open            ; open  ; 0 V                 ; -                  ; n/a           ; n/a             ; n/a         ;
; d2            ; 2.5 V        ; 0 in              ; 0 H/in                  ; 0 F/in                  ; short         ; -                   ; open           ; open             ; open   ; 0 in             ; 0 H/in                 ; 0 F/in                 ; short        ; open          ; open            ; open  ; 0 V                 ; -                  ; n/a           ; n/a             ; n/a         ;
; d1            ; 2.5 V        ; 0 in              ; 0 H/in                  ; 0 F/in                  ; short         ; -                   ; open           ; open             ; open   ; 0 in             ; 0 H/in                 ; 0 F/in                 ; short        ; open          ; open            ; open  ; 0 V                 ; -                  ; n/a           ; n/a             ; n/a         ;
; d0            ; 2.5 V        ; 0 in              ; 0 H/in                  ; 0 F/in                  ; short         ; -                   ; open           ; open             ; open   ; 0 in             ; 0 H/in                 ; 0 F/in                 ; short        ; open          ; open            ; open  ; 0 V                 ; -                  ; n/a           ; n/a             ; n/a         ;
; ~ALTERA_DCLK~ ; 2.5 V        ; 0 in              ; 0 H/in                  ; 0 F/in                  ; short         ; -                   ; open           ; open             ; open   ; 0 in             ; 0 H/in                 ; 0 F/in                 ; short        ; open          ; open            ; open  ; 0 V                 ; -                  ; n/a           ; n/a             ; n/a         ;
; ~ALTERA_nCEO~ ; 2.5 V        ; 0 in              ; 0 H/in                  ; 0 F/in                  ; short         ; -                   ; open           ; open             ; open   ; 0 in             ; 0 H/in                 ; 0 F/in                 ; short        ; open          ; open            ; open  ; 0 V                 ; -                  ; n/a           ; n/a             ; n/a         ;
+---------------+--------------+-------------------+-------------------------+-------------------------+---------------+---------------------+----------------+------------------+--------+------------------+------------------------+------------------------+--------------+---------------+-----------------+-------+---------------------+--------------------+---------------+-----------------+-------------+


+----------------------------------------------------------------------------+
; Input Transition Times                                                     ;
+-------------------------+--------------+-----------------+-----------------+
; Pin                     ; I/O Standard ; 10-90 Rise Time ; 90-10 Fall Time ;
+-------------------------+--------------+-----------------+-----------------+
; a0                      ; 2.5 V        ; 2000 ps         ; 2000 ps         ;
; a3                      ; 2.5 V        ; 2000 ps         ; 2000 ps         ;
; a2                      ; 2.5 V        ; 2000 ps         ; 2000 ps         ;
; a1                      ; 2.5 V        ; 2000 ps         ; 2000 ps         ;
; on                      ; 2.5 V        ; 2000 ps         ; 2000 ps         ;
; ~ALTERA_ASDO_DATA1~     ; 2.5 V        ; 2000 ps         ; 2000 ps         ;
; ~ALTERA_FLASH_nCE_nCSO~ ; 2.5 V        ; 2000 ps         ; 2000 ps         ;
; ~ALTERA_DATA0~          ; 2.5 V        ; 2000 ps         ; 2000 ps         ;
+-------------------------+--------------+-----------------+-----------------+


+--------------------------------------------------------------------------------------------------------------------------------------------------------------------------------------------------------------------------------------------------------------------------------------------------------------------------------------------------------------------------------------------------------------------------------------------------------------------------------------------------------------------------------------------------------------------------------------------------------------------------------------------------------------------------------------------+
; Slow Corner Signal Integrity Metrics                                                                                                                                                                                                                                                                                                                                                                                                                                                                                                                                                                                                                                                       ;
+---------------+--------------+---------------------+---------------------+------------------------------+------------------------------+---------------------+---------------------+--------------------------------------+--------------------------------------+-----------------------------+-----------------------------+----------------------------+----------------------------+-----------------------------+-----------------------------+--------------------+--------------------+-------------------------------------+-------------------------------------+----------------------------+----------------------------+---------------------------+---------------------------+
; Pin           ; I/O Standard ; Board Delay on Rise ; Board Delay on Fall ; Steady State Voh at FPGA Pin ; Steady State Vol at FPGA Pin ; Voh Max at FPGA Pin ; Vol Min at FPGA Pin ; Ringback Voltage on Rise at FPGA Pin ; Ringback Voltage on Fall at FPGA Pin ; 10-90 Rise Time at FPGA Pin ; 90-10 Fall Time at FPGA Pin ; Monotonic Rise at FPGA Pin ; Monotonic Fall at FPGA Pin ; Steady State Voh at Far-end ; Steady State Vol at Far-end ; Voh Max at Far-end ; Vol Min at Far-end ; Ringback Voltage on Rise at Far-end ; Ringback Voltage on Fall at Far-end ; 10-90 Rise Time at Far-end ; 90-10 Fall Time at Far-end ; Monotonic Rise at Far-end ; Monotonic Fall at Far-end ;
+---------------+--------------+---------------------+---------------------+------------------------------+------------------------------+---------------------+---------------------+--------------------------------------+--------------------------------------+-----------------------------+-----------------------------+----------------------------+----------------------------+-----------------------------+-----------------------------+--------------------+--------------------+-------------------------------------+-------------------------------------+----------------------------+----------------------------+---------------------------+---------------------------+
; d15           ; 2.5 V        ; 0 s                 ; 0 s                 ; 2.32 V                       ; 7.25e-07 V                   ; 2.35 V              ; -0.0111 V           ; 0.113 V                              ; 0.035 V                              ; 7.76e-10 s                  ; 8.04e-10 s                  ; Yes                        ; Yes                        ; 2.32 V                      ; 7.25e-07 V                  ; 2.35 V             ; -0.0111 V          ; 0.113 V                             ; 0.035 V                             ; 7.76e-10 s                 ; 8.04e-10 s                 ; Yes                       ; Yes                       ;
; d14           ; 2.5 V        ; 0 s                 ; 0 s                 ; 2.32 V                       ; 7.25e-07 V                   ; 2.35 V              ; -0.0111 V           ; 0.113 V                              ; 0.035 V                              ; 7.76e-10 s                  ; 8.04e-10 s                  ; Yes                        ; Yes                        ; 2.32 V                      ; 7.25e-07 V                  ; 2.35 V             ; -0.0111 V          ; 0.113 V                             ; 0.035 V                             ; 7.76e-10 s                 ; 8.04e-10 s                 ; Yes                       ; Yes                       ;
; d13           ; 2.5 V        ; 0 s                 ; 0 s                 ; 2.32 V                       ; 7.25e-07 V                   ; 2.35 V              ; -0.0111 V           ; 0.113 V                              ; 0.035 V                              ; 7.76e-10 s                  ; 8.04e-10 s                  ; Yes                        ; Yes                        ; 2.32 V                      ; 7.25e-07 V                  ; 2.35 V             ; -0.0111 V          ; 0.113 V                             ; 0.035 V                             ; 7.76e-10 s                 ; 8.04e-10 s                 ; Yes                       ; Yes                       ;
; d12           ; 2.5 V        ; 0 s                 ; 0 s                 ; 2.32 V                       ; 7.25e-07 V                   ; 2.35 V              ; -0.0111 V           ; 0.113 V                              ; 0.035 V                              ; 7.76e-10 s                  ; 8.04e-10 s                  ; Yes                        ; Yes                        ; 2.32 V                      ; 7.25e-07 V                  ; 2.35 V             ; -0.0111 V          ; 0.113 V                             ; 0.035 V                             ; 7.76e-10 s                 ; 8.04e-10 s                 ; Yes                       ; Yes                       ;
; d11           ; 2.5 V        ; 0 s                 ; 0 s                 ; 2.32 V                       ; 7.25e-07 V                   ; 2.35 V              ; -0.0111 V           ; 0.113 V                              ; 0.035 V                              ; 7.76e-10 s                  ; 8.04e-10 s                  ; Yes                        ; Yes                        ; 2.32 V                      ; 7.25e-07 V                  ; 2.35 V             ; -0.0111 V          ; 0.113 V                             ; 0.035 V                             ; 7.76e-10 s                 ; 8.04e-10 s                 ; Yes                       ; Yes                       ;
; d10           ; 2.5 V        ; 0 s                 ; 0 s                 ; 2.32 V                       ; 7.25e-07 V                   ; 2.36 V              ; -0.00946 V          ; 0.111 V                              ; 0.027 V                              ; 6.46e-10 s                  ; 6.2e-10 s                   ; Yes                        ; Yes                        ; 2.32 V                      ; 7.25e-07 V                  ; 2.36 V             ; -0.00946 V         ; 0.111 V                             ; 0.027 V                             ; 6.46e-10 s                 ; 6.2e-10 s                  ; Yes                       ; Yes                       ;
; d9            ; 2.5 V        ; 0 s                 ; 0 s                 ; 2.32 V                       ; 7.25e-07 V                   ; 2.35 V              ; -0.0111 V           ; 0.113 V                              ; 0.035 V                              ; 7.76e-10 s                  ; 8.04e-10 s                  ; Yes                        ; Yes                        ; 2.32 V                      ; 7.25e-07 V                  ; 2.35 V             ; -0.0111 V          ; 0.113 V                             ; 0.035 V                             ; 7.76e-10 s                 ; 8.04e-10 s                 ; Yes                       ; Yes                       ;
; d8            ; 2.5 V        ; 0 s                 ; 0 s                 ; 2.32 V                       ; 7.25e-07 V                   ; 2.36 V              ; -0.00946 V          ; 0.111 V                              ; 0.027 V                              ; 6.46e-10 s                  ; 6.2e-10 s                   ; Yes                        ; Yes                        ; 2.32 V                      ; 7.25e-07 V                  ; 2.36 V             ; -0.00946 V         ; 0.111 V                             ; 0.027 V                             ; 6.46e-10 s                 ; 6.2e-10 s                  ; Yes                       ; Yes                       ;
; d7            ; 2.5 V        ; 0 s                 ; 0 s                 ; 2.32 V                       ; 7.25e-07 V                   ; 2.33 V              ; -0.00317 V          ; 0.162 V                              ; 0.063 V                              ; 3.54e-09 s                  ; 3.41e-09 s                  ; Yes                        ; Yes                        ; 2.32 V                      ; 7.25e-07 V                  ; 2.33 V             ; -0.00317 V         ; 0.162 V                             ; 0.063 V                             ; 3.54e-09 s                 ; 3.41e-09 s                 ; Yes                       ; Yes                       ;
; d6            ; 2.5 V        ; 0 s                 ; 0 s                 ; 2.32 V                       ; 7.25e-07 V                   ; 2.35 V              ; -0.0111 V           ; 0.113 V                              ; 0.035 V                              ; 7.76e-10 s                  ; 8.04e-10 s                  ; Yes                        ; Yes                        ; 2.32 V                      ; 7.25e-07 V                  ; 2.35 V             ; -0.0111 V          ; 0.113 V                             ; 0.035 V                             ; 7.76e-10 s                 ; 8.04e-10 s                 ; Yes                       ; Yes                       ;
; d5            ; 2.5 V        ; 0 s                 ; 0 s                 ; 2.32 V                       ; 7.25e-07 V                   ; 2.35 V              ; -0.0111 V           ; 0.113 V                              ; 0.035 V                              ; 7.76e-10 s                  ; 8.04e-10 s                  ; Yes                        ; Yes                        ; 2.32 V                      ; 7.25e-07 V                  ; 2.35 V             ; -0.0111 V          ; 0.113 V                             ; 0.035 V                             ; 7.76e-10 s                 ; 8.04e-10 s                 ; Yes                       ; Yes                       ;
; d4            ; 2.5 V        ; 0 s                 ; 0 s                 ; 2.32 V                       ; 1.08e-06 V                   ; 2.36 V              ; -0.0113 V           ; 0.122 V                              ; 0.022 V                              ; 4.5e-10 s                   ; 4.45e-10 s                  ; Yes                        ; Yes                        ; 2.32 V                      ; 1.08e-06 V                  ; 2.36 V             ; -0.0113 V          ; 0.122 V                             ; 0.022 V                             ; 4.5e-10 s                  ; 4.45e-10 s                 ; Yes                       ; Yes                       ;
; d3            ; 2.5 V        ; 0 s                 ; 0 s                 ; 2.32 V                       ; 7.25e-07 V                   ; 2.35 V              ; -0.0111 V           ; 0.113 V                              ; 0.035 V                              ; 7.76e-10 s                  ; 8.04e-10 s                  ; Yes                        ; Yes                        ; 2.32 V                      ; 7.25e-07 V                  ; 2.35 V             ; -0.0111 V          ; 0.113 V                             ; 0.035 V                             ; 7.76e-10 s                 ; 8.04e-10 s                 ; Yes                       ; Yes                       ;
; d2            ; 2.5 V        ; 0 s                 ; 0 s                 ; 2.32 V                       ; 7.25e-07 V                   ; 2.35 V              ; -0.0111 V           ; 0.113 V                              ; 0.035 V                              ; 7.76e-10 s                  ; 8.04e-10 s                  ; Yes                        ; Yes                        ; 2.32 V                      ; 7.25e-07 V                  ; 2.35 V             ; -0.0111 V          ; 0.113 V                             ; 0.035 V                             ; 7.76e-10 s                 ; 8.04e-10 s                 ; Yes                       ; Yes                       ;
; d1            ; 2.5 V        ; 0 s                 ; 0 s                 ; 2.32 V                       ; 7.25e-07 V                   ; 2.35 V              ; -0.0111 V           ; 0.113 V                              ; 0.035 V                              ; 7.76e-10 s                  ; 8.04e-10 s                  ; Yes                        ; Yes                        ; 2.32 V                      ; 7.25e-07 V                  ; 2.35 V             ; -0.0111 V          ; 0.113 V                             ; 0.035 V                             ; 7.76e-10 s                 ; 8.04e-10 s                 ; Yes                       ; Yes                       ;
; d0            ; 2.5 V        ; 0 s                 ; 0 s                 ; 2.32 V                       ; 7.25e-07 V                   ; 2.35 V              ; -0.0111 V           ; 0.113 V                              ; 0.035 V                              ; 7.76e-10 s                  ; 8.04e-10 s                  ; Yes                        ; Yes                        ; 2.32 V                      ; 7.25e-07 V                  ; 2.35 V             ; -0.0111 V          ; 0.113 V                             ; 0.035 V                             ; 7.76e-10 s                 ; 8.04e-10 s                 ; Yes                       ; Yes                       ;
; ~ALTERA_DCLK~ ; 2.5 V        ; 0 s                 ; 0 s                 ; 2.32 V                       ; 5.68e-07 V                   ; 2.35 V              ; -0.0132 V           ; 0.2 V                                ; 0.027 V                              ; 5.26e-10 s                  ; 4.81e-10 s                  ; Yes                        ; Yes                        ; 2.32 V                      ; 5.68e-07 V                  ; 2.35 V             ; -0.0132 V          ; 0.2 V                               ; 0.027 V                             ; 5.26e-10 s                 ; 4.81e-10 s                 ; Yes                       ; Yes                       ;
; ~ALTERA_nCEO~ ; 2.5 V        ; 0 s                 ; 0 s                 ; 2.32 V                       ; 9.36e-07 V                   ; 2.35 V              ; -0.00444 V          ; 0.18 V                               ; 0.019 V                              ; 7.23e-10 s                  ; 9.82e-10 s                  ; Yes                        ; Yes                        ; 2.32 V                      ; 9.36e-07 V                  ; 2.35 V             ; -0.00444 V         ; 0.18 V                              ; 0.019 V                             ; 7.23e-10 s                 ; 9.82e-10 s                 ; Yes                       ; Yes                       ;
+---------------+--------------+---------------------+---------------------+------------------------------+------------------------------+---------------------+---------------------+--------------------------------------+--------------------------------------+-----------------------------+-----------------------------+----------------------------+----------------------------+-----------------------------+-----------------------------+--------------------+--------------------+-------------------------------------+-------------------------------------+----------------------------+----------------------------+---------------------------+---------------------------+


+--------------------------------------------------------------------------------------------------------------------------------------------------------------------------------------------------------------------------------------------------------------------------------------------------------------------------------------------------------------------------------------------------------------------------------------------------------------------------------------------------------------------------------------------------------------------------------------------------------------------------------------------------------------------------------------------+
; Fast Corner Signal Integrity Metrics                                                                                                                                                                                                                                                                                                                                                                                                                                                                                                                                                                                                                                                       ;
+---------------+--------------+---------------------+---------------------+------------------------------+------------------------------+---------------------+---------------------+--------------------------------------+--------------------------------------+-----------------------------+-----------------------------+----------------------------+----------------------------+-----------------------------+-----------------------------+--------------------+--------------------+-------------------------------------+-------------------------------------+----------------------------+----------------------------+---------------------------+---------------------------+
; Pin           ; I/O Standard ; Board Delay on Rise ; Board Delay on Fall ; Steady State Voh at FPGA Pin ; Steady State Vol at FPGA Pin ; Voh Max at FPGA Pin ; Vol Min at FPGA Pin ; Ringback Voltage on Rise at FPGA Pin ; Ringback Voltage on Fall at FPGA Pin ; 10-90 Rise Time at FPGA Pin ; 90-10 Fall Time at FPGA Pin ; Monotonic Rise at FPGA Pin ; Monotonic Fall at FPGA Pin ; Steady State Voh at Far-end ; Steady State Vol at Far-end ; Voh Max at Far-end ; Vol Min at Far-end ; Ringback Voltage on Rise at Far-end ; Ringback Voltage on Fall at Far-end ; 10-90 Rise Time at Far-end ; 90-10 Fall Time at Far-end ; Monotonic Rise at Far-end ; Monotonic Fall at Far-end ;
+---------------+--------------+---------------------+---------------------+------------------------------+------------------------------+---------------------+---------------------+--------------------------------------+--------------------------------------+-----------------------------+-----------------------------+----------------------------+----------------------------+-----------------------------+-----------------------------+--------------------+--------------------+-------------------------------------+-------------------------------------+----------------------------+----------------------------+---------------------------+---------------------------+
; d15           ; 2.5 V        ; 0 s                 ; 0 s                 ; 2.62 V                       ; 2.78e-08 V                   ; 2.71 V              ; -0.0349 V           ; 0.253 V                              ; 0.069 V                              ; 4.96e-10 s                  ; 5.19e-10 s                  ; No                         ; Yes                        ; 2.62 V                      ; 2.78e-08 V                  ; 2.71 V             ; -0.0349 V          ; 0.253 V                             ; 0.069 V                             ; 4.96e-10 s                 ; 5.19e-10 s                 ; No                        ; Yes                       ;
; d14           ; 2.5 V        ; 0 s                 ; 0 s                 ; 2.62 V                       ; 2.78e-08 V                   ; 2.71 V              ; -0.0349 V           ; 0.253 V                              ; 0.069 V                              ; 4.96e-10 s                  ; 5.19e-10 s                  ; No                         ; Yes                        ; 2.62 V                      ; 2.78e-08 V                  ; 2.71 V             ; -0.0349 V          ; 0.253 V                             ; 0.069 V                             ; 4.96e-10 s                 ; 5.19e-10 s                 ; No                        ; Yes                       ;
; d13           ; 2.5 V        ; 0 s                 ; 0 s                 ; 2.62 V                       ; 2.78e-08 V                   ; 2.71 V              ; -0.0349 V           ; 0.253 V                              ; 0.069 V                              ; 4.96e-10 s                  ; 5.19e-10 s                  ; No                         ; Yes                        ; 2.62 V                      ; 2.78e-08 V                  ; 2.71 V             ; -0.0349 V          ; 0.253 V                             ; 0.069 V                             ; 4.96e-10 s                 ; 5.19e-10 s                 ; No                        ; Yes                       ;
; d12           ; 2.5 V        ; 0 s                 ; 0 s                 ; 2.62 V                       ; 2.78e-08 V                   ; 2.71 V              ; -0.0349 V           ; 0.253 V                              ; 0.069 V                              ; 4.96e-10 s                  ; 5.19e-10 s                  ; No                         ; Yes                        ; 2.62 V                      ; 2.78e-08 V                  ; 2.71 V             ; -0.0349 V          ; 0.253 V                             ; 0.069 V                             ; 4.96e-10 s                 ; 5.19e-10 s                 ; No                        ; Yes                       ;
; d11           ; 2.5 V        ; 0 s                 ; 0 s                 ; 2.62 V                       ; 2.78e-08 V                   ; 2.71 V              ; -0.0349 V           ; 0.253 V                              ; 0.069 V                              ; 4.96e-10 s                  ; 5.19e-10 s                  ; No                         ; Yes                        ; 2.62 V                      ; 2.78e-08 V                  ; 2.71 V             ; -0.0349 V          ; 0.253 V                             ; 0.069 V                             ; 4.96e-10 s                 ; 5.19e-10 s                 ; No                        ; Yes                       ;
; d10           ; 2.5 V        ; 0 s                 ; 0 s                 ; 2.62 V                       ; 2.78e-08 V                   ; 2.72 V              ; -0.0408 V           ; 0.163 V                              ; 0.075 V                              ; 4.51e-10 s                  ; 4.33e-10 s                  ; No                         ; Yes                        ; 2.62 V                      ; 2.78e-08 V                  ; 2.72 V             ; -0.0408 V          ; 0.163 V                             ; 0.075 V                             ; 4.51e-10 s                 ; 4.33e-10 s                 ; No                        ; Yes                       ;
; d9            ; 2.5 V        ; 0 s                 ; 0 s                 ; 2.62 V                       ; 2.78e-08 V                   ; 2.71 V              ; -0.0349 V           ; 0.253 V                              ; 0.069 V                              ; 4.96e-10 s                  ; 5.19e-10 s                  ; No                         ; Yes                        ; 2.62 V                      ; 2.78e-08 V                  ; 2.71 V             ; -0.0349 V          ; 0.253 V                             ; 0.069 V                             ; 4.96e-10 s                 ; 5.19e-10 s                 ; No                        ; Yes                       ;
; d8            ; 2.5 V        ; 0 s                 ; 0 s                 ; 2.62 V                       ; 2.78e-08 V                   ; 2.72 V              ; -0.0408 V           ; 0.163 V                              ; 0.075 V                              ; 4.51e-10 s                  ; 4.33e-10 s                  ; No                         ; Yes                        ; 2.62 V                      ; 2.78e-08 V                  ; 2.72 V             ; -0.0408 V          ; 0.163 V                             ; 0.075 V                             ; 4.51e-10 s                 ; 4.33e-10 s                 ; No                        ; Yes                       ;
; d7            ; 2.5 V        ; 0 s                 ; 0 s                 ; 2.62 V                       ; 2.78e-08 V                   ; 2.64 V              ; -0.0109 V           ; 0.244 V                              ; 0.16 V                               ; 2.42e-09 s                  ; 2.37e-09 s                  ; No                         ; Yes                        ; 2.62 V                      ; 2.78e-08 V                  ; 2.64 V             ; -0.0109 V          ; 0.244 V                             ; 0.16 V                              ; 2.42e-09 s                 ; 2.37e-09 s                 ; No                        ; Yes                       ;
; d6            ; 2.5 V        ; 0 s                 ; 0 s                 ; 2.62 V                       ; 2.78e-08 V                   ; 2.71 V              ; -0.0349 V           ; 0.253 V                              ; 0.069 V                              ; 4.96e-10 s                  ; 5.19e-10 s                  ; No                         ; Yes                        ; 2.62 V                      ; 2.78e-08 V                  ; 2.71 V             ; -0.0349 V          ; 0.253 V                             ; 0.069 V                             ; 4.96e-10 s                 ; 5.19e-10 s                 ; No                        ; Yes                       ;
; d5            ; 2.5 V        ; 0 s                 ; 0 s                 ; 2.62 V                       ; 2.78e-08 V                   ; 2.71 V              ; -0.0349 V           ; 0.253 V                              ; 0.069 V                              ; 4.96e-10 s                  ; 5.19e-10 s                  ; No                         ; Yes                        ; 2.62 V                      ; 2.78e-08 V                  ; 2.71 V             ; -0.0349 V          ; 0.253 V                             ; 0.069 V                             ; 4.96e-10 s                 ; 5.19e-10 s                 ; No                        ; Yes                       ;
; d4            ; 2.5 V        ; 0 s                 ; 0 s                 ; 2.62 V                       ; 4.11e-08 V                   ; 2.73 V              ; -0.0566 V           ; 0.191 V                              ; 0.12 V                               ; 2.69e-10 s                  ; 2.76e-10 s                  ; Yes                        ; Yes                        ; 2.62 V                      ; 4.11e-08 V                  ; 2.73 V             ; -0.0566 V          ; 0.191 V                             ; 0.12 V                              ; 2.69e-10 s                 ; 2.76e-10 s                 ; Yes                       ; Yes                       ;
; d3            ; 2.5 V        ; 0 s                 ; 0 s                 ; 2.62 V                       ; 2.78e-08 V                   ; 2.71 V              ; -0.0349 V           ; 0.253 V                              ; 0.069 V                              ; 4.96e-10 s                  ; 5.19e-10 s                  ; No                         ; Yes                        ; 2.62 V                      ; 2.78e-08 V                  ; 2.71 V             ; -0.0349 V          ; 0.253 V                             ; 0.069 V                             ; 4.96e-10 s                 ; 5.19e-10 s                 ; No                        ; Yes                       ;
; d2            ; 2.5 V        ; 0 s                 ; 0 s                 ; 2.62 V                       ; 2.78e-08 V                   ; 2.71 V              ; -0.0349 V           ; 0.253 V                              ; 0.069 V                              ; 4.96e-10 s                  ; 5.19e-10 s                  ; No                         ; Yes                        ; 2.62 V                      ; 2.78e-08 V                  ; 2.71 V             ; -0.0349 V          ; 0.253 V                             ; 0.069 V                             ; 4.96e-10 s                 ; 5.19e-10 s                 ; No                        ; Yes                       ;
; d1            ; 2.5 V        ; 0 s                 ; 0 s                 ; 2.62 V                       ; 2.78e-08 V                   ; 2.71 V              ; -0.0349 V           ; 0.253 V                              ; 0.069 V                              ; 4.96e-10 s                  ; 5.19e-10 s                  ; No                         ; Yes                        ; 2.62 V                      ; 2.78e-08 V                  ; 2.71 V             ; -0.0349 V          ; 0.253 V                             ; 0.069 V                             ; 4.96e-10 s                 ; 5.19e-10 s                 ; No                        ; Yes                       ;
; d0            ; 2.5 V        ; 0 s                 ; 0 s                 ; 2.62 V                       ; 2.78e-08 V                   ; 2.71 V              ; -0.0349 V           ; 0.253 V                              ; 0.069 V                              ; 4.96e-10 s                  ; 5.19e-10 s                  ; No                         ; Yes                        ; 2.62 V                      ; 2.78e-08 V                  ; 2.71 V             ; -0.0349 V          ; 0.253 V                             ; 0.069 V                             ; 4.96e-10 s                 ; 5.19e-10 s                 ; No                        ; Yes                       ;
; ~ALTERA_DCLK~ ; 2.5 V        ; 0 s                 ; 0 s                 ; 2.62 V                       ; 2.22e-08 V                   ; 2.72 V              ; -0.0747 V           ; 0.28 V                               ; 0.169 V                              ; 3.1e-10 s                   ; 3.01e-10 s                  ; No                         ; Yes                        ; 2.62 V                      ; 2.22e-08 V                  ; 2.72 V             ; -0.0747 V          ; 0.28 V                              ; 0.169 V                             ; 3.1e-10 s                  ; 3.01e-10 s                 ; No                        ; Yes                       ;
; ~ALTERA_nCEO~ ; 2.5 V        ; 0 s                 ; 0 s                 ; 2.62 V                       ; 3.53e-08 V                   ; 2.7 V               ; -0.0212 V           ; 0.204 V                              ; 0.049 V                              ; 4.85e-10 s                  ; 6.73e-10 s                  ; No                         ; Yes                        ; 2.62 V                      ; 3.53e-08 V                  ; 2.7 V              ; -0.0212 V          ; 0.204 V                             ; 0.049 V                             ; 4.85e-10 s                 ; 6.73e-10 s                 ; No                        ; Yes                       ;
+---------------+--------------+---------------------+---------------------+------------------------------+------------------------------+---------------------+---------------------+--------------------------------------+--------------------------------------+-----------------------------+-----------------------------+----------------------------+----------------------------+-----------------------------+-----------------------------+--------------------+--------------------+-------------------------------------+-------------------------------------+----------------------------+----------------------------+---------------------------+---------------------------+


-------------------
; Clock Transfers ;
-------------------
Nothing to report.


---------------
; Report TCCS ;
---------------
No dedicated SERDES Transmitter circuitry present in device or used in design


---------------
; Report RSKM ;
---------------
No non-DPA dedicated SERDES Receiver circuitry present in device or used in design


+------------------------------------------------+
; Unconstrained Paths                            ;
+---------------------------------+-------+------+
; Property                        ; Setup ; Hold ;
+---------------------------------+-------+------+
; Illegal Clocks                  ; 0     ; 0    ;
; Unconstrained Clocks            ; 0     ; 0    ;
; Unconstrained Input Ports       ; 5     ; 5    ;
; Unconstrained Input Port Paths  ; 80    ; 80   ;
; Unconstrained Output Ports      ; 16    ; 16   ;
; Unconstrained Output Port Paths ; 80    ; 80   ;
+---------------------------------+-------+------+


+------------------------------------+
; TimeQuest Timing Analyzer Messages ;
+------------------------------------+
Info: *******************************************************************
Info: Running Quartus II 64-Bit TimeQuest Timing Analyzer
    Info: Version 13.1.0 Build 162 10/23/2013 SJ Web Edition
    Info: Processing started: Wed Dec 14 23:42:37 2022
Info: Command: quartus_sta lab041 -c lab041
Info: qsta_default_script.tcl version: #1
Info (20030): Parallel compilation is enabled and will use 6 of the 6 processors detected
Info (21077): Core supply voltage is 1.2V
Info (21077): Low junction temperature is 0 degrees C
Info (21077): High junction temperature is 85 degrees C
Critical Warning (332012): Synopsys Design Constraints File file not found: 'lab041.sdc'. A Synopsys Design Constraints File is required by the TimeQuest Timing Analyzer to get proper timing constraints. Without it, the Compiler will not properly optimize the design.
Info (332142): No user constrained base clocks found in the design. Calling "derive_clocks -period 1.0"
Info (332096): The command derive_clocks did not find any clocks to derive.  No clocks were created or changed.
Warning (332068): No clocks defined in design.
Info (332143): No user constrained clock uncertainty found in the design. Calling "derive_clock_uncertainty"
Info (332154): The derive_clock_uncertainty command did not apply clock uncertainty to any clock-to-clock transfers.
Info: Found TIMEQUEST_REPORT_SCRIPT_INCLUDE_DEFAULT_ANALYSIS = ON
Info (332159): No clocks to report
Info: Analyzing Slow 1200mV 85C Model
Info (332140): No fmax paths to report
Info (332140): No Setup paths to report
Info (332140): No Hold paths to report
Info (332140): No Recovery paths to report
Info (332140): No Removal paths to report
Info (332140): No Minimum Pulse Width paths to report
Info: Analyzing Slow 1200mV 0C Model
Info (334003): Started post-fitting delay annotation
Info (334004): Delay annotation completed successfully
Info (332142): No user constrained base clocks found in the design. Calling "derive_clocks -period 1.0"
Info (332096): The command derive_clocks did not find any clocks to derive.  No clocks were created or changed.
Warning (332068): No clocks defined in design.
Info (332154): The derive_clock_uncertainty command did not apply clock uncertainty to any clock-to-clock transfers.
Info (332140): No fmax paths to report
Info (332140): No Setup paths to report
Info (332140): No Hold paths to report
Info (332140): No Recovery paths to report
Info (332140): No Removal paths to report
Info (332140): No Minimum Pulse Width paths to report
Info: Analyzing Fast 1200mV 0C Model
Info (332142): No user constrained base clocks found in the design. Calling "derive_clocks -period 1.0"
Info (332096): The command derive_clocks did not find any clocks to derive.  No clocks were created or changed.
Warning (332068): No clocks defined in design.
Info (332154): The derive_clock_uncertainty command did not apply clock uncertainty to any clock-to-clock transfers.
Info (332140): No Setup paths to report
Info (332140): No Hold paths to report
Info (332140): No Recovery paths to report
Info (332140): No Removal paths to report
Info (332140): No Minimum Pulse Width paths to report
Info (332102): Design is not fully constrained for setup requirements
Info (332102): Design is not fully constrained for hold requirements
Info: Quartus II 64-Bit TimeQuest Timing Analyzer was successful. 0 errors, 4 warnings
    Info: Peak virtual memory: 4695 megabytes
    Info: Processing ended: Wed Dec 14 23:42:39 2022
    Info: Elapsed time: 00:00:02
    Info: Total CPU time (on all processors): 00:00:02


